warning: Git tree '/home/jader/nixos' is dirty
building the system configuration...
warning: Git tree '/home/jader/nixos' is dirty
these 105 derivations will be built:
  /nix/store/m6kxdfxvgvdyglpsbxx1jjw6q7iax4g4-desktops.drv
  /nix/store/01yv2wnvm4drf41fqlw13f9dap4vhh67-etc-pam-environment.drv
  /nix/store/10xiw7yxvkgd0v3giw0yg02r4x03jfqh-breeze-6.0.5_fish-completions.drv
  /nix/store/1gpcy0k28bvbgaqnq9jfsc4r9mzxsic0-powerdevil-6.0.5_fish-completions.drv
  /nix/store/2ykr2mgpg71b47kmy4hdir8qb7j68w5j-system-shutdown.drv
  /nix/store/kids4198x9z643dyzigzqn7saa13lh0m-steam-run-usr-target.drv
  /nix/store/x7mzhsypb7w9nvlczpcq4c5nhazir1vv-steam-run-fhs.drv
  /nix/store/vgxinmalr0jkbgrp6l22idy4359imlsl-steam-run-bwrap.drv
  /nix/store/9b3l5z0kx0pm0i1wy08wh7ik4i1w8mi0-steam-run.drv
  /nix/store/krd3gnpmkp96s7mv9da25vn2fw7ynqnr-firefox-126.0.1.drv
  /nix/store/i91v2c6kfip3iid2iadnibf5mdgc6mhm-steam-usr-target.drv
  /nix/store/c4gq9zv5fhxjv2s8jh2l99czizxjmhyk-steam-fhs.drv
  /nix/store/gf90yrwb8hfm8d8j0pi5fdik8gjx80iw-steam-bwrap.drv
  /nix/store/zqgsd5ywl7v65w76p6p3lkppw0iph3rp-steam.drv
  /nix/store/sfl39minwm8385nw9x533jbh7jwz4r9v-system-path.drv
  /nix/store/4nmf7q22k4z9nm89k82vg2sd81l1gj65-dbus-1.drv
  /nix/store/ksz17pry2c3gvl036cijq0p9vb4nvhlp-set-environment.drv
  /nix/store/8xm30aj5kcibz990igrhj1idjh0wawfs-etc-profile.drv
  /nix/store/ashrpyvs5rcs5r6ws2ljddib0mdgqf2j-user-generators.drv
  /nix/store/fg8mz3dh3n92nsjbmdinsrqa8pshnnna-tmpfiles.d.drv
  /nix/store/gi9vwyyjy1fisvdz6bcmmlkw4i2fk0s6-fontconfig-etc.drv
  /nix/store/48ckazgpa5pczmg17naxvji4j049hg1m-xserver.conf.drv
  /nix/store/iyp73s9pbklvl49pn36pxah37170yrak-xserver-wrapper.drv
  /nix/store/ilqxd499m6mcrbg0iqacc1i8agbf1j1b-sddm.conf.drv
  /nix/store/ivcaf470w14nsr84swqw0s5p5h6li8xk-etc-fish-nixos-env-preinit.fish.drv
  /nix/store/j3ijw4bp3q99l813fcfypkga7kvv7zi4-login.pam.drv
  /nix/store/4zr464n5cks4551af14p15jc5lzyn0qf-X-Restart-Triggers-dbus.drv
  /nix/store/9jwag55cvi7qaibj2wjazgdkmd5yap08-unit-dbus.service.drv
  /nix/store/qmdd7cqicfw1qlii2h78p11pd7cvrzsa-X-Restart-Triggers-systemd-tmpfiles-resetup.drv
  /nix/store/dm8dqsr3jwvxfxl2p25klmg3p1n9qvyf-unit-systemd-tmpfiles-resetup.service.drv
  /nix/store/m70dp7lqkqnhvivfyyc8wlk7a553hqiv-unit-accounts-daemon.service.drv
  /nix/store/l0z1kmvak7brn692m3p3ia1xnqxmfs6j-X-Restart-Triggers-polkit.drv
  /nix/store/vlwygx226ysjrwfvc83giczpzk9ic28w-unit-polkit.service.drv
  /nix/store/sc5fcr2zmw8aclxc04k3dl85j94srw06-unit-script-suid-sgid-wrappers-start.drv
  /nix/store/y0s6k2h6v7ma0cy1k8qgps1k4p22bpqc-unit-suid-sgid-wrappers.service.drv
  /nix/store/lblbk8q6xdpr7mkg7cj6p7bz9h1vqy41-system-units.drv
  /nix/store/p80j1nld03fvq94fik0vwd7nndqs6323-system-generators.drv
  /nix/store/falj7la7jj5d56nzkqlp3lqakqzw48jq-man-paths.drv
  /nix/store/byyzqwvqi5wb5k43mmnb16k825wc6iw4-man-cache.drv
  /nix/store/qdbn9dlfqghpfl4j6c82d4mn5ssdc2f8-etc-man_db.conf.drv
  /nix/store/25w50a96w7a9lrdric3i5r106rxp6blg-xdg-desktop-portal-kde-6.0.5_fish-completions.drv
  /nix/store/3l9hn8abdx5gxkvk84grqmwacjm04d9c-libksysguard-6.0.5_fish-completions.drv
  /nix/store/3v6idgmnys9hl04qpzzq60cx9zdg3i42-plasma-workspace-6.0.5.1_fish-completions.drv
  /nix/store/4iy5qwvff4adr1s07qs0skqak52si4y2-kde-inotify-survey-24.05.0_fish-completions.drv
  /nix/store/4nry4g6d1pwqbqvz8dw374888mn947s5-steam_fish-completions.drv
  /nix/store/56gf73x27iwv7wwyi04g0wkx5vr9zjd8-firefox-126.0.1_fish-completions.drv
  /nix/store/5x56qjny2kjfka9d41mcb952vcapfzq6-kactivitymanagerd-6.0.5_fish-completions.drv
  /nix/store/62n8g3aah9y7r2y9jyzw35y31xxkd49f-dolphin-24.05.0_fish-completions.drv
  /nix/store/6as994ccw1scnb6bbp38lsnjcckc0c6q-plasma-integration-6.0.5_fish-completions.drv
  /nix/store/7wmj9drqhnqyzsk8c6rfdabfk5dpssvd-elisa-24.05.0_fish-completions.drv
  /nix/store/91wwihy5h67zsbgll651wygvxbpjz8nm-plasma-browser-integration-6.0.5_fish-completions.drv
  /nix/store/9lji2ladsim7ia0w2qlfbs6wn3qnbscc-kate-24.05.0_fish-completions.drv
  /nix/store/9ql12rj8ybmndr546afdwwkm7gm2zgrl-kscreen-6.0.5_fish-completions.drv
  /nix/store/9shqszshnqmgphpvrsdlinjnf1piqk5g-ksystemstats-6.0.5_fish-completions.drv
  /nix/store/a015h0dcliqyflfcwb8lrz98qdylq3f6-kdeplasma-addons-6.0.5_fish-completions.drv
  /nix/store/ajcpnjg6y134asr4vk8y4dzdhhjdj04x-kwalletmanager-24.05.0_fish-completions.drv
  /nix/store/apvcar3lapv5b3v1giwbjqma8b808icp-dolphin-plugins-24.05.0_fish-completions.drv
  /nix/store/asvpyjf5fq1108rgpdg1fragrqs3vh7c-kmenuedit-6.0.5_fish-completions.drv
  /nix/store/b3xy6qmb2k1lszlmq6fgsjg7rlin5vvr-kscreenlocker-6.0.5_fish-completions.drv
  /nix/store/bxh6hggj2hawy0zqimw2pb8ry7dr9sqm-steam-run_fish-completions.drv
  /nix/store/cmbszcs3052ak17kqajvw1hflrz6s91q-qqc2-desktop-style-6.3.0_fish-completions.drv
  /nix/store/d6k5szhj4yz7pr0j7sly640brr8az8df-kio-admin-24.05.0_fish-completions.drv
  /nix/store/drkddxmcrvh40s16v85lapycbrj9n16z-kde-cli-tools-6.0.5_fish-completions.drv
  /nix/store/dz9g47jd5sy8n36b03rsmyd3kfy4p5j5-kcmutils-6.3.0_fish-completions.drv
  /nix/store/f9jf9780c1m3s7m7z5sy3msw0nsq91pm-breeze-6.0.5_fish-completions.drv
  /nix/store/g65ylgk5phskmgs84824r8aah8isss8c-sddm-wrapped_fish-completions.drv
  /nix/store/glls3fab5g99bgvkvdn144gmxx4xfa8k-plasma-integration-6.0.5_fish-completions.drv
  /nix/store/gvgp6w4j1vbfhsld8sm2vh97iqm7g18b-ffmpegthumbs-24.05.0_fish-completions.drv
  /nix/store/h8rlh00qp5bharw2vwkpqkalrabxc06n-libplasma-6.0.5_fish-completions.drv
  /nix/store/hb4p13jhg35wlcrpbbj4j0lpfpqw9fn7-gwenview-24.05.0_fish-completions.drv
  /nix/store/ia8jaafdsq9nq82sy6b71d3g1ys3998d-milou-6.0.5_fish-completions.drv
  /nix/store/jjncffad1lv0dqn1h76ydalavsf052ai-kio-6.3.0_fish-completions.drv
  /nix/store/jnmvq95r0w7yhc3s3lhaa357jpi6nvpp-kwin-6.0.5_fish-completions.drv
  /nix/store/k36ii8rbvvmn9bk7rna64x6qa0xyxkbl-plasma-systemmonitor-6.0.5_fish-completions.drv
  /nix/store/kd4vfd97956mrbi5ryqm9d5wdrjy6ndd-ark-24.05.0_fish-completions.drv
  /nix/store/lx416d8h5x6mggx0dq637a30y9s76jzv-plasma-desktop-6.0.5_fish-completions.drv
  /nix/store/mnmk97k8scckg3r5h12nkw9mi1x74jfl-konsole-24.05.0_fish-completions.drv
  /nix/store/mw6gli7hqvnagcxzjrxxlgw3xhp31zw7-drkonqi-6.0.5_fish-completions.drv
  /nix/store/nimc4p2w3mx9c3ssmfv20qw8a8p901hh-kio-extras-kf5-24.02.2_fish-completions.drv
  /nix/store/nnjkc0inp2hddslvpr84fy3fl8j6gy0d-kdegraphics-thumbnailers-24.05.0_fish-completions.drv
  /nix/store/p6c6bzjwcgibr5lfl8y0c9d2l3sm84h1-plasma-pa-6.0.5_fish-completions.drv
  /nix/store/pi51haq8r2insfl9abln8m3prl67awi9-kio-extras-24.05.0_fish-completions.drv
  /nix/store/pn5xiw1xwpc6l4xghwvwk0hbayn4zj7z-kio-fuse-5.1.0_fish-completions.drv
  /nix/store/q04g5gpnmp8s7pphyzcb3v0y1k9id8ww-kfilemetadata-6.3.0_fish-completions.drv
  /nix/store/q65h1ylmalqy79x35jk1ng5kvn98yad4-baloo-6.3.0_fish-completions.drv
  /nix/store/qf7k7vdgxwqwgv46a5lbacn01xy5ys3d-breeze-gtk-6.0.5_fish-completions.drv
  /nix/store/ryp7g4khbc723ybh2kzqy0j3q04083a1-kglobalacceld-6.0.5_fish-completions.drv
  /nix/store/sv0525yhj3ga1ly4qjd854jsl49pfjj1-khelpcenter-24.05.0_fish-completions.drv
  /nix/store/sxq4glwfy74g128kkjmpgrf5q24acyk1-phonon-vlc-0.12.0_fish-completions.drv
  /nix/store/vxsip77q684acibykss2lcmhccxl29wn-kwallet-6.3.0_fish-completions.drv
  /nix/store/w3l4qcwqavqcii2gyp1nh47qxzndj7a7-spectacle-24.05.0_fish-completions.drv
  /nix/store/w6g7qdpb60iqpnqync323fj9ba1ygz7m-systemsettings-6.0.5_fish-completions.drv
  /nix/store/wn4ggsb5wkrhkv0nw1xnxpm3fx7pjsr6-plasma-nm-6.0.5_fish-completions.drv
  /nix/store/wn7bhwhizx3l4q6xyf39cmpp3kxgl375-print-manager-6.0.5_fish-completions.drv
  /nix/store/xq7ds8zr0qrr65mqflz3ic9xy55ygxgp-frameworkintegration-6.3.0_fish-completions.drv
  /nix/store/yh5q65lgrp0a2iffgbgfpqcg6q16ag30-kinfocenter-6.0.5_fish-completions.drv
  /nix/store/yk4izr9zdcyls9s9bd28jns8w7wxv8v3-okular-24.05.0_fish-completions.drv
  /nix/store/z43q17ml1y0farixg5sj9c38fqgy1ma6-kwallet-pam-6.0.5_fish-completions.drv
  /nix/store/rixw5gy0b5i7pzrphmvf34b00axbipf8-system_fish-completions.drv
  /nix/store/rscg5l0rpk3k0cy37w8mwdfj3l1m1msx-kde.pam.drv
  /nix/store/gr1ki4671p9fkmbg1fhryw3f7mz81i41-unit-dbus.service.drv
  /nix/store/zwinii51ivmaaciz7swyxib5y7nfpgv4-user-units.drv
  /nix/store/1l66j81sw533zfw05cd10z8aipw1f9k8-etc.drv
  /nix/store/81ggxmb7s4lpa12fvmxxrz9ibj1clqj5-ensure-all-wrappers-paths-exist.drv
  /nix/store/43d4kpnfyj7c9arb8nr02drm2msy729v-nixos-system-nixos-24.11.20240607.051f920.drv
these 81 paths will be fetched (346.83 MiB download, 1097.49 MiB unpacked):
  /nix/store/iifjs73v74gp1zggv3f0p7idh6nbids1-ark-24.05.0
  /nix/store/npw8zq0nqbk4iq2ga4s2hrpyrvn9njrh-baloo-6.3.0
  /nix/store/0f6bn21y6vdc1lrf87qnr2cc8nnm1jv7-baloo-widgets-24.05.0
  /nix/store/fwr1xs54r6w72b249zvdd84hj50dqjag-breeze-6.0.5
  /nix/store/h5qs55xgr5ps21nz30dq4gaqmb6cma5g-breeze-6.0.5-qt5
  /nix/store/a82pp6yny6ngz1m8klap43xzmc7vrsm0-breeze-gtk-6.0.5
  /nix/store/hx4s3x26j566qkriq74244q6lgfhgvm4-dolphin-24.05.0
  /nix/store/msmiha6by9f37pcggzmdbdgb18pa00qi-dolphin-plugins-24.05.0
  /nix/store/gq1gj3k4n71kfrm5ak27rs8m6rqyzjhg-drkonqi-6.0.5
  /nix/store/yhqa7aawb8vw6pcvsazbv56yvy3j4gya-elisa-24.05.0
  /nix/store/gg9k3w88vwv81ag9rwp4bdglnj3im1ig-fc-00-nixos-cache.conf
  /nix/store/y741789nq4wpvyl8d3nrmjmimwnrdii1-fc-cache
  /nix/store/h5rm15nfv1m71m9lm6xyf0r5wcql4qh9-ffmpegthumbs-24.05.0
  /nix/store/ifin0c1ypgz24hkdmsahvnm8j3hs2zzq-fontconfig-conf
  /nix/store/70izana9c4ysg3kcskdy8vi448r2j693-frameworkintegration-6.3.0
  /nix/store/gy8mn0q59h71cjmamd3q76rp8vjpqdvj-gdb-host-cpu-only-14.2
  /nix/store/nn5f40chzkb9w7vdvvhbyka4zywwvb8v-gwenview-24.05.0
  /nix/store/gr1gddxr88f9l1qpslgwfsrax1rk1hy8-kaccounts-integration-24.05.0
  /nix/store/nh69sc4nb4c623wcrq151710rla1bl19-kactivitymanagerd-6.0.5
  /nix/store/a7jhx2llrzfh9c5wfifabgdzh5jja59h-kate-24.05.0
  /nix/store/vcn4bzk5q96rx5m7skz5dbnl4zvijv18-kcmutils-6.3.0
  /nix/store/q897v5y7gx9zv5bnalqn2x1skgl5s2ah-kde-cli-tools-6.0.5
  /nix/store/v720k4cpxw0sp3i4gn7wx2vyn40x3szv-kde-inotify-survey-24.05.0
  /nix/store/ylaspw9sq7b5hf90m8f5kdb216cv1qhf-kdegraphics-thumbnailers-24.05.0
  /nix/store/8nvc8sww3vqy722plcngrnh14yigj1m2-kdeplasma-addons-6.0.5
  /nix/store/q0xqgfi9gswgv8lmfxfpqh4i8d644mlh-kglobalacceld-6.0.5
  /nix/store/jkmvgnb3syis0qz721118g6rvhf5v243-khelpcenter-24.05.0
  /nix/store/8l99v5kyax0ifp5ms72r1by0nxpcw6nz-kinfocenter-6.0.5
  /nix/store/maa91r9wxd3cgyiz845p7n3ishjglydi-kio-6.3.0
  /nix/store/lrm7chrk2ql6azblb1icpbh98mvifijv-kio-admin-24.05.0
  /nix/store/ihnymik1298d1avhdlgnczq7nm2mxj85-kio-extras-24.05.0
  /nix/store/2bwy6glcvh2rckak74zzs9fm3g4572xn-kio-extras-kf5-24.02.2
  /nix/store/q6kbsm0mmgbr9lq3fqg6hmr6jwl6zf8f-kio-fuse-5.1.0
  /nix/store/bmx7bkk2qfw6dwzaynbplb1bh2c4kibi-kmenuedit-6.0.5
  /nix/store/kky45nyfx16qlswzd72af8ih38zklk8s-knewstuff-6.3.0
  /nix/store/853fmngjbw0jigjzcc1ji59m386l7i8b-knotifyconfig-6.3.0
  /nix/store/b7hsjp9r7hgy86fy446s836hmpavl3ia-konsole-24.05.0
  /nix/store/dcdiigjrmlf7lf2lg3cspgc3pjmq1c48-kparts-6.3.0
  /nix/store/j27pdk8kzq335xfy1456f0wacy69p3x4-kscreen-6.0.5
  /nix/store/l4np8ch2rcmp8n59z1fb4q6nwjzk4g1l-kscreenlocker-6.0.5
  /nix/store/ahx90da51y9y55h5wk1wgllxdpipydd1-ksshaskpass-6.0.5
  /nix/store/bjc13nx9i15g9yixmb3v95aya386ys0g-ksystemstats-6.0.5
  /nix/store/rnwh71klz1wh3c2bv4gxkqhb3js4mjnk-ktexteditor-6.3.0
  /nix/store/qr949vd47qa29fflivwimbq6hw4s478q-ktextwidgets-6.3.0
  /nix/store/fa85y7nib571fr0wn1dbnvn07ribkcfj-kwallet-6.3.0
  /nix/store/c132d64iqpiknks0rgkfy0rs7frdfzmd-kwallet-pam-6.0.5
  /nix/store/jmzldz7370075zp9jjnicqpq1hsh9zy0-kwalletmanager-24.05.0
  /nix/store/z9k7s29mbq3hxl5jb6agf9xbw2vgpqjs-kwin-6.0.5
  /nix/store/4vyq44kk6bddb0dah25jyjfkl6qi5pk7-libksysguard-6.0.5
  /nix/store/xnxwh4wqb5ha3vk9xbla8nas9412bmc2-libplasma-6.0.5
  /nix/store/z0cjd421ig93wwiy2n9gw7p58njwdi6x-libvlc-3.0.20
  /nix/store/9ydrxkwzcff0867w32gkc9hms1j81xyx-milou-6.0.5
  /nix/store/g4hlmhda2xmap333kqnzlsz01k8djnp6-noto-fonts-24.3.1
  /nix/store/g5m7ji9pnsqrrn2hncv62wkvgcbkvg89-okular-24.05.0
  /nix/store/3107gzr4h12vvizhsfxfbk2d4wam904f-opencv-4.9.0
  /nix/store/2r1y3fr7v95azhmqycgbvk8x98wlnkyg-oxygen-icons-6.0.0
  /nix/store/q3x3qrj4mgy1s2b7a34kzj0snqzdajnd-phonon-vlc-0.12.0
  /nix/store/p674d6r357q1gsca2jahh97myd1nf6zv-plasma-browser-integration-6.0.5
  /nix/store/nqbffczgxs7811n5p34j42ghl1xxzlbw-plasma-desktop-6.0.5
  /nix/store/w4mcx7i4s6ny5c4kfqxnrqgv7jdkgj9p-plasma-integration-6.0.5
  /nix/store/8h6ydzvdx8l4vfvpk1sxrmv2jsvw4rwv-plasma-nano-6.0.5
  /nix/store/a7jdadgbwl12g0fcb95vwway46zpavb6-plasma-nm-6.0.5
  /nix/store/q264ccaq28g0378ika7ammwxgzpsk76h-plasma-pa-6.0.5
  /nix/store/5c2js8p0ad3211mbsfhxfl26p05n14vp-plasma-systemmonitor-6.0.5
  /nix/store/cw33ajym3bdm6x0sqawl8rbhk8nk1ylv-plasma-workspace-6.0.5.1
  /nix/store/4hx5bxwlqwbd735cn3k0nlkldxqh0c6b-plasma5support-6.0.5
  /nix/store/jfzbya108c4yrpigfjf3frpwvv8lxihb-powerdevil-6.0.5
  /nix/store/iwby090xzhkf2ryn4i326dn2fm77vg9m-print-manager-6.0.5
  /nix/store/8ngv5q16c6byg39v23rvk5lbf4gh8p54-prison-6.3.0
  /nix/store/ph9iz36hq2ijwaa8ls9cwknrx4j28sc7-purpose-6.3.0
  /nix/store/253rp4awx99pzmkh6gjcpmf11nqy1vq8-qca-2.3.8
  /nix/store/4zvnsqlzsgq0vx3nmgbdgvf0ax8kw7m1-qtmultimedia-6.7.1
  /nix/store/778xn1qbnimkvmh24qqbl8snrklpxmxh-qtquick3d-6.7.1
  /nix/store/w0mj32fdzrd87s5g5c7djabkf8pl8c47-qtspeech-6.7.1
  /nix/store/2pjgr8dk8z7m4rrmbiar026g3vyz7m8m-qtwebengine-6.7.1
  /nix/store/d51fqg4k599b6354slql5ibm57xh7hgh-sddm-wrapped
  /nix/store/vcmfmp4asf926p6c07977yr95zhq7lm0-security-wrapper-kwin_wayland-x86_64-unknown-linux-musl
  /nix/store/yl5fc2swdy941mffl7ylqpbqwxwkc8lz-spectacle-24.05.0
  /nix/store/bynrdm1xmz82pvc8mffzd16nx76m3zjh-syntax-highlighting-5.116.0-bin
  /nix/store/6mrirdvki1k3fbv30gsrmwiiykj1hild-systemsettings-6.0.5
  /nix/store/r5zsisnijgg33sq0gnvjqi4n69bj7i2k-xdg-desktop-portal-kde-6.0.5
copying path '/nix/store/h5qs55xgr5ps21nz30dq4gaqmb6cma5g-breeze-6.0.5-qt5' from 'https://cache.nixos.org'...
copying path '/nix/store/gy8mn0q59h71cjmamd3q76rp8vjpqdvj-gdb-host-cpu-only-14.2' from 'https://cache.nixos.org'...
copying path '/nix/store/z0cjd421ig93wwiy2n9gw7p58njwdi6x-libvlc-3.0.20' from 'https://cache.nixos.org'...
copying path '/nix/store/g4hlmhda2xmap333kqnzlsz01k8djnp6-noto-fonts-24.3.1' from 'https://cache.nixos.org'...
copying path '/nix/store/3107gzr4h12vvizhsfxfbk2d4wam904f-opencv-4.9.0' from 'https://cache.nixos.org'...
copying path '/nix/store/2r1y3fr7v95azhmqycgbvk8x98wlnkyg-oxygen-icons-6.0.0' from 'https://cache.nixos.org'...
copying path '/nix/store/778xn1qbnimkvmh24qqbl8snrklpxmxh-qtquick3d-6.7.1' from 'https://cache.nixos.org'...
copying path '/nix/store/2pjgr8dk8z7m4rrmbiar026g3vyz7m8m-qtwebengine-6.7.1' from 'https://cache.nixos.org'...
copying path '/nix/store/253rp4awx99pzmkh6gjcpmf11nqy1vq8-qca-2.3.8' from 'https://cache.nixos.org'...
copying path '/nix/store/bynrdm1xmz82pvc8mffzd16nx76m3zjh-syntax-highlighting-5.116.0-bin' from 'https://cache.nixos.org'...
building '/nix/store/q04g5gpnmp8s7pphyzcb3v0y1k9id8ww-kfilemetadata-6.3.0_fish-completions.drv'...
building '/nix/store/cmbszcs3052ak17kqajvw1hflrz6s91q-qqc2-desktop-style-6.3.0_fish-completions.drv'...
copying path '/nix/store/2bwy6glcvh2rckak74zzs9fm3g4572xn-kio-extras-kf5-24.02.2' from 'https://cache.nixos.org'...
copying path '/nix/store/fa85y7nib571fr0wn1dbnvn07ribkcfj-kwallet-6.3.0' from 'https://cache.nixos.org'...
copying path '/nix/store/maa91r9wxd3cgyiz845p7n3ishjglydi-kio-6.3.0' from 'https://cache.nixos.org'...
copying path '/nix/store/ahx90da51y9y55h5wk1wgllxdpipydd1-ksshaskpass-6.0.5' from 'https://cache.nixos.org'...
copying path '/nix/store/c132d64iqpiknks0rgkfy0rs7frdfzmd-kwallet-pam-6.0.5' from 'https://cache.nixos.org'...
building '/nix/store/vxsip77q684acibykss2lcmhccxl29wn-kwallet-6.3.0_fish-completions.drv'...
building '/nix/store/nimc4p2w3mx9c3ssmfv20qw8a8p901hh-kio-extras-kf5-24.02.2_fish-completions.drv'...
building '/nix/store/rscg5l0rpk3k0cy37w8mwdfj3l1m1msx-kde.pam.drv'...
building '/nix/store/z43q17ml1y0farixg5sj9c38fqgy1ma6-kwallet-pam-6.0.5_fish-completions.drv'...
building '/nix/store/j3ijw4bp3q99l813fcfypkga7kvv7zi4-login.pam.drv'...
copying path '/nix/store/npw8zq0nqbk4iq2ga4s2hrpyrvn9njrh-baloo-6.3.0' from 'https://cache.nixos.org'...
copying path '/nix/store/a82pp6yny6ngz1m8klap43xzmc7vrsm0-breeze-gtk-6.0.5' from 'https://cache.nixos.org'...
copying path '/nix/store/h5rm15nfv1m71m9lm6xyf0r5wcql4qh9-ffmpegthumbs-24.05.0' from 'https://cache.nixos.org'...
copying path '/nix/store/v720k4cpxw0sp3i4gn7wx2vyn40x3szv-kde-inotify-survey-24.05.0' from 'https://cache.nixos.org'...
copying path '/nix/store/ylaspw9sq7b5hf90m8f5kdb216cv1qhf-kdegraphics-thumbnailers-24.05.0' from 'https://cache.nixos.org'...
copying path '/nix/store/q0xqgfi9gswgv8lmfxfpqh4i8d644mlh-kglobalacceld-6.0.5' from 'https://cache.nixos.org'...
copying path '/nix/store/lrm7chrk2ql6azblb1icpbh98mvifijv-kio-admin-24.05.0' from 'https://cache.nixos.org'...
copying path '/nix/store/853fmngjbw0jigjzcc1ji59m386l7i8b-knotifyconfig-6.3.0' from 'https://cache.nixos.org'...
copying path '/nix/store/q6kbsm0mmgbr9lq3fqg6hmr6jwl6zf8f-kio-fuse-5.1.0' from 'https://cache.nixos.org'...
copying path '/nix/store/dcdiigjrmlf7lf2lg3cspgc3pjmq1c48-kparts-6.3.0' from 'https://cache.nixos.org'...
copying path '/nix/store/9ydrxkwzcff0867w32gkc9hms1j81xyx-milou-6.0.5' from 'https://cache.nixos.org'...
building '/nix/store/jjncffad1lv0dqn1h76ydalavsf052ai-kio-6.3.0_fish-completions.drv'...
copying path '/nix/store/w4mcx7i4s6ny5c4kfqxnrqgv7jdkgj9p-plasma-integration-6.0.5' from 'https://cache.nixos.org'...
building '/nix/store/ryp7g4khbc723ybh2kzqy0j3q04083a1-kglobalacceld-6.0.5_fish-completions.drv'...
copying path '/nix/store/8h6ydzvdx8l4vfvpk1sxrmv2jsvw4rwv-plasma-nano-6.0.5' from 'https://cache.nixos.org'...
copying path '/nix/store/4hx5bxwlqwbd735cn3k0nlkldxqh0c6b-plasma5support-6.0.5' from 'https://cache.nixos.org'...
building '/nix/store/qf7k7vdgxwqwgv46a5lbacn01xy5ys3d-breeze-gtk-6.0.5_fish-completions.drv'...
building '/nix/store/gvgp6w4j1vbfhsld8sm2vh97iqm7g18b-ffmpegthumbs-24.05.0_fish-completions.drv'...
building '/nix/store/4iy5qwvff4adr1s07qs0skqak52si4y2-kde-inotify-survey-24.05.0_fish-completions.drv'...
building '/nix/store/nnjkc0inp2hddslvpr84fy3fl8j6gy0d-kdegraphics-thumbnailers-24.05.0_fish-completions.drv'...
building '/nix/store/d6k5szhj4yz7pr0j7sly640brr8az8df-kio-admin-24.05.0_fish-completions.drv'...
building '/nix/store/pn5xiw1xwpc6l4xghwvwk0hbayn4zj7z-kio-fuse-5.1.0_fish-completions.drv'...
building '/nix/store/ia8jaafdsq9nq82sy6b71d3g1ys3998d-milou-6.0.5_fish-completions.drv'...
copying path '/nix/store/0f6bn21y6vdc1lrf87qnr2cc8nnm1jv7-baloo-widgets-24.05.0' from 'https://cache.nixos.org'...
copying path '/nix/store/4zvnsqlzsgq0vx3nmgbdgvf0ax8kw7m1-qtmultimedia-6.7.1' from 'https://cache.nixos.org'...
building '/nix/store/q65h1ylmalqy79x35jk1ng5kvn98yad4-baloo-6.3.0_fish-completions.drv'...
building '/nix/store/6as994ccw1scnb6bbp38lsnjcckc0c6q-plasma-integration-6.0.5_fish-completions.drv'...
building '/nix/store/glls3fab5g99bgvkvdn144gmxx4xfa8k-plasma-integration-6.0.5_fish-completions.drv'...
copying path '/nix/store/8ngv5q16c6byg39v23rvk5lbf4gh8p54-prison-6.3.0' from 'https://cache.nixos.org'...
copying path '/nix/store/w0mj32fdzrd87s5g5c7djabkf8pl8c47-qtspeech-6.7.1' from 'https://cache.nixos.org'...
copying path '/nix/store/qr949vd47qa29fflivwimbq6hw4s478q-ktextwidgets-6.3.0' from 'https://cache.nixos.org'...
copying path '/nix/store/q3x3qrj4mgy1s2b7a34kzj0snqzdajnd-phonon-vlc-0.12.0' from 'https://cache.nixos.org'...
copying path '/nix/store/iifjs73v74gp1zggv3f0p7idh6nbids1-ark-24.05.0' from 'https://cache.nixos.org'...
copying path '/nix/store/yhqa7aawb8vw6pcvsazbv56yvy3j4gya-elisa-24.05.0' from 'https://cache.nixos.org'...
copying path '/nix/store/nh69sc4nb4c623wcrq151710rla1bl19-kactivitymanagerd-6.0.5' from 'https://cache.nixos.org'...
copying path '/nix/store/vcn4bzk5q96rx5m7skz5dbnl4zvijv18-kcmutils-6.3.0' from 'https://cache.nixos.org'...
copying path '/nix/store/rnwh71klz1wh3c2bv4gxkqhb3js4mjnk-ktexteditor-6.3.0' from 'https://cache.nixos.org'...
copying path '/nix/store/bmx7bkk2qfw6dwzaynbplb1bh2c4kibi-kmenuedit-6.0.5' from 'https://cache.nixos.org'...
copying path '/nix/store/r5zsisnijgg33sq0gnvjqi4n69bj7i2k-xdg-desktop-portal-kde-6.0.5' from 'https://cache.nixos.org'...
building '/nix/store/sxq4glwfy74g128kkjmpgrf5q24acyk1-phonon-vlc-0.12.0_fish-completions.drv'...
copying path '/nix/store/gq1gj3k4n71kfrm5ak27rs8m6rqyzjhg-drkonqi-6.0.5' from 'https://cache.nixos.org'...
copying path '/nix/store/gr1gddxr88f9l1qpslgwfsrax1rk1hy8-kaccounts-integration-24.05.0' from 'https://cache.nixos.org'...
copying path '/nix/store/q897v5y7gx9zv5bnalqn2x1skgl5s2ah-kde-cli-tools-6.0.5' from 'https://cache.nixos.org'...
copying path '/nix/store/xnxwh4wqb5ha3vk9xbla8nas9412bmc2-libplasma-6.0.5' from 'https://cache.nixos.org'...
copying path '/nix/store/kky45nyfx16qlswzd72af8ih38zklk8s-knewstuff-6.3.0' from 'https://cache.nixos.org'...
copying path '/nix/store/ihnymik1298d1avhdlgnczq7nm2mxj85-kio-extras-24.05.0' from 'https://cache.nixos.org'...
copying path '/nix/store/jmzldz7370075zp9jjnicqpq1hsh9zy0-kwalletmanager-24.05.0' from 'https://cache.nixos.org'...
building '/nix/store/dz9g47jd5sy8n36b03rsmyd3kfy4p5j5-kcmutils-6.3.0_fish-completions.drv'...
copying path '/nix/store/6mrirdvki1k3fbv30gsrmwiiykj1hild-systemsettings-6.0.5' from 'https://cache.nixos.org'...
building '/nix/store/5x56qjny2kjfka9d41mcb952vcapfzq6-kactivitymanagerd-6.0.5_fish-completions.drv'...
building '/nix/store/25w50a96w7a9lrdric3i5r106rxp6blg-xdg-desktop-portal-kde-6.0.5_fish-completions.drv'...
copying path '/nix/store/ph9iz36hq2ijwaa8ls9cwknrx4j28sc7-purpose-6.3.0' from 'https://cache.nixos.org'...
building '/nix/store/asvpyjf5fq1108rgpdg1fragrqs3vh7c-kmenuedit-6.0.5_fish-completions.drv'...
copying path '/nix/store/b7hsjp9r7hgy86fy446s836hmpavl3ia-konsole-24.05.0' from 'https://cache.nixos.org'...
building '/nix/store/mw6gli7hqvnagcxzjrxxlgw3xhp31zw7-drkonqi-6.0.5_fish-completions.drv'...
building '/nix/store/p80j1nld03fvq94fik0vwd7nndqs6323-system-generators.drv'...
building '/nix/store/2ykr2mgpg71b47kmy4hdir8qb7j68w5j-system-shutdown.drv'...
building '/nix/store/w6g7qdpb60iqpnqync323fj9ba1ygz7m-systemsettings-6.0.5_fish-completions.drv'...
building '/nix/store/ashrpyvs5rcs5r6ws2ljddib0mdgqf2j-user-generators.drv'...
copying path '/nix/store/nn5f40chzkb9w7vdvvhbyka4zywwvb8v-gwenview-24.05.0' from 'https://cache.nixos.org'...
copying path '/nix/store/g5m7ji9pnsqrrn2hncv62wkvgcbkvg89-okular-24.05.0' from 'https://cache.nixos.org'...
copying path '/nix/store/yl5fc2swdy941mffl7ylqpbqwxwkc8lz-spectacle-24.05.0' from 'https://cache.nixos.org'...
building '/nix/store/kd4vfd97956mrbi5ryqm9d5wdrjy6ndd-ark-24.05.0_fish-completions.drv'...
building '/nix/store/drkddxmcrvh40s16v85lapycbrj9n16z-kde-cli-tools-6.0.5_fish-completions.drv'...
building '/nix/store/ajcpnjg6y134asr4vk8y4dzdhhjdj04x-kwalletmanager-24.05.0_fish-completions.drv'...
copying path '/nix/store/hx4s3x26j566qkriq74244q6lgfhgvm4-dolphin-24.05.0' from 'https://cache.nixos.org'...
copying path '/nix/store/j27pdk8kzq335xfy1456f0wacy69p3x4-kscreen-6.0.5' from 'https://cache.nixos.org'...
copying path '/nix/store/a7jhx2llrzfh9c5wfifabgdzh5jja59h-kate-24.05.0' from 'https://cache.nixos.org'...
copying path '/nix/store/l4np8ch2rcmp8n59z1fb4q6nwjzk4g1l-kscreenlocker-6.0.5' from 'https://cache.nixos.org'...
copying path '/nix/store/iwby090xzhkf2ryn4i326dn2fm77vg9m-print-manager-6.0.5' from 'https://cache.nixos.org'...
copying path '/nix/store/d51fqg4k599b6354slql5ibm57xh7hgh-sddm-wrapped' from 'https://cache.nixos.org'...
building '/nix/store/7wmj9drqhnqyzsk8c6rfdabfk5dpssvd-elisa-24.05.0_fish-completions.drv'...
building '/nix/store/pi51haq8r2insfl9abln8m3prl67awi9-kio-extras-24.05.0_fish-completions.drv'...
building '/nix/store/h8rlh00qp5bharw2vwkpqkalrabxc06n-libplasma-6.0.5_fish-completions.drv'...
building '/nix/store/g65ylgk5phskmgs84824r8aah8isss8c-sddm-wrapped_fish-completions.drv'...
building '/nix/store/fg8mz3dh3n92nsjbmdinsrqa8pshnnna-tmpfiles.d.drv'...
building '/nix/store/mnmk97k8scckg3r5h12nkw9mi1x74jfl-konsole-24.05.0_fish-completions.drv'...
building '/nix/store/9ql12rj8ybmndr546afdwwkm7gm2zgrl-kscreen-6.0.5_fish-completions.drv'...
building '/nix/store/b3xy6qmb2k1lszlmq6fgsjg7rlin5vvr-kscreenlocker-6.0.5_fish-completions.drv'...
building '/nix/store/wn7bhwhizx3l4q6xyf39cmpp3kxgl375-print-manager-6.0.5_fish-completions.drv'...
building '/nix/store/qmdd7cqicfw1qlii2h78p11pd7cvrzsa-X-Restart-Triggers-systemd-tmpfiles-resetup.drv'...
building '/nix/store/w3l4qcwqavqcii2gyp1nh47qxzndj7a7-spectacle-24.05.0_fish-completions.drv'...
building '/nix/store/dm8dqsr3jwvxfxl2p25klmg3p1n9qvyf-unit-systemd-tmpfiles-resetup.service.drv'...
copying path '/nix/store/y741789nq4wpvyl8d3nrmjmimwnrdii1-fc-cache' from 'https://cache.nixos.org'...
building '/nix/store/kids4198x9z643dyzigzqn7saa13lh0m-steam-run-usr-target.drv'...
building '/nix/store/i91v2c6kfip3iid2iadnibf5mdgc6mhm-steam-usr-target.drv'...
building '/nix/store/48ckazgpa5pczmg17naxvji4j049hg1m-xserver.conf.drv'...
copying path '/nix/store/gg9k3w88vwv81ag9rwp4bdglnj3im1ig-fc-00-nixos-cache.conf' from 'https://cache.nixos.org'...
copying path '/nix/store/msmiha6by9f37pcggzmdbdgb18pa00qi-dolphin-plugins-24.05.0' from 'https://cache.nixos.org'...
building '/nix/store/62n8g3aah9y7r2y9jyzw35y31xxkd49f-dolphin-24.05.0_fish-completions.drv'...
building '/nix/store/hb4p13jhg35wlcrpbbj4j0lpfpqw9fn7-gwenview-24.05.0_fish-completions.drv'...
building '/nix/store/yk4izr9zdcyls9s9bd28jns8w7wxv8v3-okular-24.05.0_fish-completions.drv'...
copying path '/nix/store/ifin0c1ypgz24hkdmsahvnm8j3hs2zzq-fontconfig-conf' from 'https://cache.nixos.org'...
building '/nix/store/apvcar3lapv5b3v1giwbjqma8b808icp-dolphin-plugins-24.05.0_fish-completions.drv'...
building '/nix/store/9lji2ladsim7ia0w2qlfbs6wn3qnbscc-kate-24.05.0_fish-completions.drv'...
copying path '/nix/store/70izana9c4ysg3kcskdy8vi448r2j693-frameworkintegration-6.3.0' from 'https://cache.nixos.org'...
building '/nix/store/gi9vwyyjy1fisvdz6bcmmlkw4i2fk0s6-fontconfig-etc.drv'...
building '/nix/store/iyp73s9pbklvl49pn36pxah37170yrak-xserver-wrapper.drv'...
copying path '/nix/store/fwr1xs54r6w72b249zvdd84hj50dqjag-breeze-6.0.5' from 'https://cache.nixos.org'...
building '/nix/store/xq7ds8zr0qrr65mqflz3ic9xy55ygxgp-frameworkintegration-6.3.0_fish-completions.drv'...
copying path '/nix/store/jkmvgnb3syis0qz721118g6rvhf5v243-khelpcenter-24.05.0' from 'https://cache.nixos.org'...
copying path '/nix/store/4vyq44kk6bddb0dah25jyjfkl6qi5pk7-libksysguard-6.0.5' from 'https://cache.nixos.org'...
copying path '/nix/store/a7jdadgbwl12g0fcb95vwway46zpavb6-plasma-nm-6.0.5' from 'https://cache.nixos.org'...
copying path '/nix/store/bjc13nx9i15g9yixmb3v95aya386ys0g-ksystemstats-6.0.5' from 'https://cache.nixos.org'...
copying path '/nix/store/5c2js8p0ad3211mbsfhxfl26p05n14vp-plasma-systemmonitor-6.0.5' from 'https://cache.nixos.org'...
building '/nix/store/3l9hn8abdx5gxkvk84grqmwacjm04d9c-libksysguard-6.0.5_fish-completions.drv'...
building '/nix/store/wn4ggsb5wkrhkv0nw1xnxpm3fx7pjsr6-plasma-nm-6.0.5_fish-completions.drv'...
building '/nix/store/9shqszshnqmgphpvrsdlinjnf1piqk5g-ksystemstats-6.0.5_fish-completions.drv'...
copying path '/nix/store/8l99v5kyax0ifp5ms72r1by0nxpcw6nz-kinfocenter-6.0.5' from 'https://cache.nixos.org'...
building '/nix/store/k36ii8rbvvmn9bk7rna64x6qa0xyxkbl-plasma-systemmonitor-6.0.5_fish-completions.drv'...
building '/nix/store/sv0525yhj3ga1ly4qjd854jsl49pfjj1-khelpcenter-24.05.0_fish-completions.drv'...
building '/nix/store/yh5q65lgrp0a2iffgbgfpqcg6q16ag30-kinfocenter-6.0.5_fish-completions.drv'...
copying path '/nix/store/z9k7s29mbq3hxl5jb6agf9xbw2vgpqjs-kwin-6.0.5' from 'https://cache.nixos.org'...
building '/nix/store/10xiw7yxvkgd0v3giw0yg02r4x03jfqh-breeze-6.0.5_fish-completions.drv'...
building '/nix/store/f9jf9780c1m3s7m7z5sy3msw0nsq91pm-breeze-6.0.5_fish-completions.drv'...
building '/nix/store/x7mzhsypb7w9nvlczpcq4c5nhazir1vv-steam-run-fhs.drv'...
copying path '/nix/store/cw33ajym3bdm6x0sqawl8rbhk8nk1ylv-plasma-workspace-6.0.5.1' from 'https://cache.nixos.org'...
copying path '/nix/store/vcmfmp4asf926p6c07977yr95zhq7lm0-security-wrapper-kwin_wayland-x86_64-unknown-linux-musl' from 'https://cache.nixos.org'...
building '/nix/store/c4gq9zv5fhxjv2s8jh2l99czizxjmhyk-steam-fhs.drv'...
building '/nix/store/81ggxmb7s4lpa12fvmxxrz9ibj1clqj5-ensure-all-wrappers-paths-exist.drv'...
building '/nix/store/jnmvq95r0w7yhc3s3lhaa357jpi6nvpp-kwin-6.0.5_fish-completions.drv'...
building '/nix/store/sc5fcr2zmw8aclxc04k3dl85j94srw06-unit-script-suid-sgid-wrappers-start.drv'...
building '/nix/store/y0s6k2h6v7ma0cy1k8qgps1k4p22bpqc-unit-suid-sgid-wrappers.service.drv'...
copying path '/nix/store/8nvc8sww3vqy722plcngrnh14yigj1m2-kdeplasma-addons-6.0.5' from 'https://cache.nixos.org'...
copying path '/nix/store/q264ccaq28g0378ika7ammwxgzpsk76h-plasma-pa-6.0.5' from 'https://cache.nixos.org'...
copying path '/nix/store/p674d6r357q1gsca2jahh97myd1nf6zv-plasma-browser-integration-6.0.5' from 'https://cache.nixos.org'...
copying path '/nix/store/jfzbya108c4yrpigfjf3frpwvv8lxihb-powerdevil-6.0.5' from 'https://cache.nixos.org'...
building '/nix/store/m6kxdfxvgvdyglpsbxx1jjw6q7iax4g4-desktops.drv'...
building '/nix/store/3v6idgmnys9hl04qpzzq60cx9zdg3i42-plasma-workspace-6.0.5.1_fish-completions.drv'...
copying path '/nix/store/nqbffczgxs7811n5p34j42ghl1xxzlbw-plasma-desktop-6.0.5' from 'https://cache.nixos.org'...
building '/nix/store/01yv2wnvm4drf41fqlw13f9dap4vhh67-etc-pam-environment.drv'...
building '/nix/store/ilqxd499m6mcrbg0iqacc1i8agbf1j1b-sddm.conf.drv'...
building '/nix/store/ksz17pry2c3gvl036cijq0p9vb4nvhlp-set-environment.drv'...
building '/nix/store/krd3gnpmkp96s7mv9da25vn2fw7ynqnr-firefox-126.0.1.drv'...
building '/nix/store/91wwihy5h67zsbgll651wygvxbpjz8nm-plasma-browser-integration-6.0.5_fish-completions.drv'...
building '/nix/store/p6c6bzjwcgibr5lfl8y0c9d2l3sm84h1-plasma-pa-6.0.5_fish-completions.drv'...
building '/nix/store/1gpcy0k28bvbgaqnq9jfsc4r9mzxsic0-powerdevil-6.0.5_fish-completions.drv'...
building '/nix/store/ivcaf470w14nsr84swqw0s5p5h6li8xk-etc-fish-nixos-env-preinit.fish.drv'...
building '/nix/store/8xm30aj5kcibz990igrhj1idjh0wawfs-etc-profile.drv'...
building '/nix/store/a015h0dcliqyflfcwb8lrz98qdylq3f6-kdeplasma-addons-6.0.5_fish-completions.drv'...
building '/nix/store/lx416d8h5x6mggx0dq637a30y9s76jzv-plasma-desktop-6.0.5_fish-completions.drv'...
building '/nix/store/56gf73x27iwv7wwyi04g0wkx5vr9zjd8-firefox-126.0.1_fish-completions.drv'...
building '/nix/store/vgxinmalr0jkbgrp6l22idy4359imlsl-steam-run-bwrap.drv'...
building '/nix/store/gf90yrwb8hfm8d8j0pi5fdik8gjx80iw-steam-bwrap.drv'...
building '/nix/store/9b3l5z0kx0pm0i1wy08wh7ik4i1w8mi0-steam-run.drv'...
building '/nix/store/zqgsd5ywl7v65w76p6p3lkppw0iph3rp-steam.drv'...
building '/nix/store/bxh6hggj2hawy0zqimw2pb8ry7dr9sqm-steam-run_fish-completions.drv'...
building '/nix/store/falj7la7jj5d56nzkqlp3lqakqzw48jq-man-paths.drv'...
building '/nix/store/4nry4g6d1pwqbqvz8dw374888mn947s5-steam_fish-completions.drv'...
building '/nix/store/sfl39minwm8385nw9x533jbh7jwz4r9v-system-path.drv'...
building '/nix/store/rixw5gy0b5i7pzrphmvf34b00axbipf8-system_fish-completions.drv'...
building '/nix/store/byyzqwvqi5wb5k43mmnb16k825wc6iw4-man-cache.drv'...
building '/nix/store/l0z1kmvak7brn692m3p3ia1xnqxmfs6j-X-Restart-Triggers-polkit.drv'...
building '/nix/store/4nmf7q22k4z9nm89k82vg2sd81l1gj65-dbus-1.drv'...
building '/nix/store/m70dp7lqkqnhvivfyyc8wlk7a553hqiv-unit-accounts-daemon.service.drv'...
building '/nix/store/vlwygx226ysjrwfvc83giczpzk9ic28w-unit-polkit.service.drv'...
building '/nix/store/4zr464n5cks4551af14p15jc5lzyn0qf-X-Restart-Triggers-dbus.drv'...
building '/nix/store/9jwag55cvi7qaibj2wjazgdkmd5yap08-unit-dbus.service.drv'...
building '/nix/store/gr1ki4671p9fkmbg1fhryw3f7mz81i41-unit-dbus.service.drv'...
building '/nix/store/lblbk8q6xdpr7mkg7cj6p7bz9h1vqy41-system-units.drv'...
building '/nix/store/zwinii51ivmaaciz7swyxib5y7nfpgv4-user-units.drv'...
building '/nix/store/qdbn9dlfqghpfl4j6c82d4mn5ssdc2f8-etc-man_db.conf.drv'...
building '/nix/store/1l66j81sw533zfw05cd10z8aipw1f9k8-etc.drv'...
building '/nix/store/43d4kpnfyj7c9arb8nr02drm2msy729v-nixos-system-nixos-24.11.20240607.051f920.drv'...
stopping the following units: accounts-daemon.service, colord.service, switcheroo-control.service, systemd-tmpfiles-resetup.service, systemd-udevd-control.socket, systemd-udevd-kernel.socket, systemd-udevd.service, touchegg.service
NOT restarting the following changed units: display-manager.service
activating the configuration...
removing group ‘colord’
removing group ‘lightdm’
removing user ‘colord’
removing user ‘lightdm’
setting up /etc...
removing obsolete symlink ‘/etc/tmpfiles.d/colord.conf’...
removing obsolete symlink ‘/etc/bluetooth/input.conf’...
removing obsolete symlink ‘/etc/bluetooth/network.conf’...
removing obsolete symlink ‘/etc/bluetooth/main.conf’...
removing obsolete symlink ‘/etc/pam.d/lightdm-autologin’...
removing obsolete symlink ‘/etc/pam.d/lightdm-greeter’...
removing obsolete symlink ‘/etc/pam.d/cinnamon-screensaver’...
removing obsolete symlink ‘/etc/pam.d/lightdm’...
removing obsolete symlink ‘/etc/lightdm/users.conf’...
removing obsolete symlink ‘/etc/lightdm/lightdm.conf’...
removing obsolete symlink ‘/etc/lightdm/slick-greeter.conf’...
reloading user units for jader...
restarting sysinit-reactivation.target
reloading the following units: dbus.service
restarting the following units: polkit.service
starting the following units: accounts-daemon.service, systemd-tmpfiles-resetup.service, systemd-udevd-control.socket, systemd-udevd-kernel.socket
